<?xml version="1.0" encoding="UTF-8"?>
<testng-results skipped="0" failed="0" ignored="0" total="2" passed="2">
  <reporter-output>
  </reporter-output>
  <suite name="com.test.browser.DriverLaunch" duration-ms="11661" started-at="2020-12-29T15:51:52 IST" finished-at="2020-12-29T15:52:04 IST">
    <groups>
    </groups>
    <test name="Command line test" duration-ms="11661" started-at="2020-12-29T15:51:52 IST" finished-at="2020-12-29T15:52:04 IST">
      <class name="com.test.browser.DriverLaunch">
        <test-method status="PASS" signature="test001()[pri:0, instance:com.test.browser.DriverLaunch@5c3bd550]" name="test001" duration-ms="7" started-at="2020-12-29T15:51:52 IST" finished-at="2020-12-29T15:51:52 IST">
          <reporter-output>
          </reporter-output>
        </test-method> <!-- test001 -->
        <test-method status="PASS" signature="test002()[pri:0, instance:com.test.browser.DriverLaunch@5c3bd550]" name="test002" duration-ms="11580" started-at="2020-12-29T15:51:52 IST" finished-at="2020-12-29T15:52:04 IST">
          <reporter-output>
          </reporter-output>
        </test-method> <!-- test002 -->
      </class> <!-- com.test.browser.DriverLaunch -->
    </test> <!-- Command line test -->
  </suite> <!-- com.test.browser.DriverLaunch -->
</testng-results>
