<?xml version="1.0" encoding="UTF-8"?>
<testng-results skipped="0" failed="0" ignored="0" total="1" passed="1">
  <reporter-output>
  </reporter-output>
  <suite name="Default suite" duration-ms="66" started-at="2020-12-29T10:20:31Z" finished-at="2020-12-29T10:20:32Z">
    <groups>
    </groups>
    <test name="Default test" duration-ms="66" started-at="2020-12-29T10:20:31Z" finished-at="2020-12-29T10:20:32Z">
      <class name="com.test.browser.DriverLaunch">
        <test-method status="PASS" signature="test001()[pri:0, instance:com.test.browser.DriverLaunch@4c70fda8]" name="test001" duration-ms="20" started-at="2020-12-29T10:20:32Z" finished-at="2020-12-29T10:20:32Z">
          <reporter-output>
          </reporter-output>
        </test-method> <!-- test001 -->
      </class> <!-- com.test.browser.DriverLaunch -->
    </test> <!-- Default test -->
  </suite> <!-- Default suite -->
</testng-results>
